<?xml version="1.0" encoding="UTF-8"?>
<testng-results skipped="0" failed="0" total="1" passed="1">
  <reporter-output>
  </reporter-output>
  <suite name="Default suite" duration-ms="12587" started-at="2016-01-14T02:59:05Z" finished-at="2016-01-14T02:59:18Z">
    <groups>
    </groups>
    <test name="Default test" duration-ms="12587" started-at="2016-01-14T02:59:05Z" finished-at="2016-01-14T02:59:18Z">
      <class name="com.test1.tests.TC100">
        <test-method status="PASS" signature="beforeMethod()[pri:0, instance:com.test1.tests.TC100@7a79be86]" name="beforeMethod" is-config="true" duration-ms="7255" started-at="2016-01-13T20:59:05Z" finished-at="2016-01-13T20:59:12Z">
          <reporter-output>
          </reporter-output>
        </test-method> <!-- beforeMethod -->
        <test-method status="PASS" signature="PeoplePageLoad()[pri:0, instance:com.test1.tests.TC100@7a79be86]" name="PeoplePageLoad" duration-ms="3297" started-at="2016-01-13T20:59:12Z" finished-at="2016-01-13T20:59:16Z">
          <reporter-output>
          </reporter-output>
        </test-method> <!-- PeoplePageLoad -->
        <test-method status="PASS" signature="afterMethod()[pri:0, instance:com.test1.tests.TC100@7a79be86]" name="afterMethod" is-config="true" duration-ms="2018" started-at="2016-01-13T20:59:16Z" finished-at="2016-01-13T20:59:18Z">
          <reporter-output>
          </reporter-output>
        </test-method> <!-- afterMethod -->
      </class> <!-- com.test1.tests.TC100 -->
    </test> <!-- Default test -->
  </suite> <!-- Default suite -->
</testng-results>
